{
  "stats": {
    "suites": 1,
    "tests": 1,
    "passes": 1,
    "pending": 0,
    "failures": 0,
    "start": "2024-07-14T02:52:24.697Z",
    "end": "2024-07-14T02:54:28.235Z",
    "duration": 123538,
    "testsRegistered": 1,
    "passPercent": 100,
    "pendingPercent": 0,
    "other": 0,
    "hasOther": false,
    "skipped": 0,
    "hasSkipped": false
  },
  "results": [
    {
      "uuid": "efcc3903-6000-4d18-ac91-95ab1d847863",
      "title": "",
      "fullFile": "cypress/e2e/web/login.spec.js",
      "file": "cypress/e2e/web/login.spec.js",
      "beforeHooks": [],
      "afterHooks": [],
      "tests": [],
      "suites": [
        {
          "uuid": "ebfeddfe-2238-4aa3-88bd-c2c4c5a81ae9",
          "title": "es una prueba a cinemark",
          "fullFile": "",
          "file": "",
          "beforeHooks": [],
          "afterHooks": [],
          "tests": [
            {
              "title": "login user",
              "fullTitle": "es una prueba a cinemark login user",
              "timedOut": null,
              "duration": 119003,
              "state": "passed",
              "speed": "slow",
              "pass": true,
              "fail": false,
              "pending": false,
              "context": null,
              "code": "//login\nweb.containsExistClick(\"INICIAR SESIÓN\");\nweb.fielText(\"#MemberEmail\", date.email);\nweb.fielText(\"#MemberPassword\", date.password);\nweb.elementVisibleClick(\".text-center > .ant-btn\");\n//selecciona el horario de la funcion\nweb.valedatelenghtelm(\".jsx-1960175725\", 1);\nweb.clickELemEq(\"//*[@id='__next']/div[2]/div[3]/section/div[1]/div/div/div/div/div[1]/div/div\", 'button', 0);\ncy.wait(time);\nweb.elementVisibleClick(\".theaters-detail__container > :nth-child(1)\");\nweb.containsExistClick(\"Confirmar\");\n//selecciona la cantidad de sillas\ncy.wait(time);\nweb.windowInterviewALert('.jsx-258256937');\nweb.elementVisibleClick(':nth-child(2) > :nth-child(3) > .jsx-3706725137 > .select-seat-format > .ant-select-selection > .ant-select-selection__rendered');\nweb.selectElemList('.ant-select-dropdown-menu > :not(.ant-select-dropdown-menu-item-disabled)', 1);\nweb.elementVisibleClick('.jsx-1369409061 > .ant-btn');\n//Seleciona la silla\nweb.containsExistClick(selectChair);\nweb.elementVisibleClick('.bottom-bar__controls > :nth-child(2) > .ant-btn');\nweb.elementVisibleClick('.d-flex > .primary');\n//selecciona la comida\ncy.wait(time);\nweb.clickELementMultiplex(\"//div/div/div[3]/div/div[3]/div[2]/div/div/div[2]/button[2]/span/img\");\nweb.elementVisibleClick('.bottom-bar__controls > :nth-child(2) > .ant-btn');\nweb.elementVisibleClick('.bottom-bar__controls > :nth-child(2) > .ant-btn');\n//formulario de registro\nweb.fielText(\"#payment_name\", date.name);\nweb.fielText(\"#payment_lastName\", date.latsName);\nweb.fielText(\"#payment_dniNumber\", date.numberIdentification);\nweb.fielText(\"#payment_address\", date.address);\nweb.fielText(\"#payment_contactPhone\", date.phone);\nweb.fielText(\"#payment_emailAddress\", date.email);\n//formulario de registro tc\nweb.elementVisibleClick(':nth-child(1) > .ant-collapse-header > .jsx-1565749887');\nweb.fielTextXpatch('//*[@id=\"payment_creditCard.number\"]', date.numberTc);\nweb.fielTextXpatch('//*[@id=\"payment_creditCard.name\"]', date.nameTc);\nweb.fielTextXpatch('//*[@id=\"payment_creditCard.securityCode\"]', date.cvv);\nweb.clickInvokeXpatch('//*[@id=\"payment_creditCard.installments\"]/div/div');\nweb.selectElemList('.ant-select-dropdown-menu > :not(.ant-select-dropdown-menu-item-disabled)', 2);\nweb.clickCheckBox();\nweb.elementVisibleClick('.bottom-bar__controls > :nth-child(2) > .ant-btn');\nweb.containsExistClick(\"aceptar\");\n//validar el qr   \ncy.wait(70000);\nweb.elementExist('.container-information__block > .text-center', {\n  setTimeout: 20000\n});\nweb.screenshot();\nweb.containsExistClick(\"Finalizar\");\ncy.clearCookies();",
              "err": {},
              "uuid": "3e89184d-d12c-4116-a914-fcaacc533ac3",
              "parentUUID": "ebfeddfe-2238-4aa3-88bd-c2c4c5a81ae9",
              "isHook": false,
              "skipped": false
            }
          ],
          "suites": [],
          "passes": [
            "3e89184d-d12c-4116-a914-fcaacc533ac3"
          ],
          "failures": [],
          "pending": [],
          "skipped": [],
          "duration": 119003,
          "root": false,
          "rootEmpty": false,
          "_timeout": 2000
        }
      ],
      "passes": [],
      "failures": [],
      "pending": [],
      "skipped": [],
      "duration": 0,
      "root": true,
      "rootEmpty": true,
      "_timeout": 2000
    }
  ],
  "meta": {
    "mocha": {
      "version": "7.0.1"
    },
    "mochawesome": {
      "options": {
        "quiet": false,
        "reportFilename": "mochawesome",
        "saveHtml": true,
        "saveJson": true,
        "consoleReporter": "spec",
        "useInlineDiffs": false,
        "code": true
      },
      "version": "7.1.3"
    },
    "marge": {
      "options": null,
      "version": "6.2.0"
    }
  }
}