{
  "stats": {
    "suites": 1,
    "tests": 1,
    "passes": 1,
    "pending": 0,
    "failures": 0,
    "start": "2024-07-15T17:32:49.819Z",
    "end": "2024-07-15T17:35:03.512Z",
    "duration": 133693,
    "testsRegistered": 1,
    "passPercent": 100,
    "pendingPercent": 0,
    "other": 0,
    "hasOther": false,
    "skipped": 0,
    "hasSkipped": false
  },
  "results": [
    {
      "uuid": "2512079b-9357-44c7-9c87-a78a59462d7a",
      "title": "",
      "fullFile": "cypress/e2e/app/compra.spec.js",
      "file": "cypress/e2e/app/compra.spec.js",
      "beforeHooks": [],
      "afterHooks": [],
      "tests": [],
      "suites": [
        {
          "uuid": "657ee38f-8e00-41d6-9b73-cf3a5172ed14",
          "title": "es una prueba a cinemark mobil",
          "fullFile": "",
          "file": "",
          "beforeHooks": [],
          "afterHooks": [],
          "tests": [
            {
              "title": "end to end compra de una funcion de cine",
              "fullTitle": "es una prueba a cinemark mobil end to end compra de una funcion de cine",
              "timedOut": null,
              "duration": 121605,
              "state": "passed",
              "speed": "slow",
              "pass": true,
              "fail": false,
              "pending": false,
              "context": null,
              "code": "//login\nmobil.elementVisibleClick(':nth-child(1) > div > .ant-btn');\nmobil.fielText(\"#MemberEmail\", date.email);\nmobil.fielText(\"#MemberPassword\", date.password);\nmobil.elementVisibleClick(\".text-center > .ant-btn\");\n//selecciona el horario de la funcion\nmobil.valedatelenghtelm(\".jsx-1960175725\", 1);\nmobil.clickELemEq(\"//*[@id='__next']/div[2]/div[3]/section/div[1]/div/div/div/div/div[1]/div/div\", 'button', 0);\ncy.wait(time);\nmobil.elementVisibleClick(\".theaters-detail__container > :nth-child(1)\");\nmobil.containsExistClick(\"Confirmar\");\n//selecciona la cantidad de sillas\ncy.wait(time);\nmobil.windowInterviewALert('.jsx-258256937');\nmobil.elementVisibleClick(':nth-child(2) > :nth-child(3) > .jsx-3706725137 > .select-seat-format > .ant-select-selection > .ant-select-selection__rendered');\nmobil.selectElemList('.ant-select-dropdown-menu > :not(.ant-select-dropdown-menu-item-disabled)', 1);\nmobil.elementVisibleClick('.jsx-1369409061 > .ant-btn');\n//Seleciona la silla\nmobil.containsExistClick(selectChair);\nmobil.elementVisibleClick('.bottom-bar__controls > :nth-child(2) > .ant-btn');\nmobil.elementVisibleClick('.d-flex > .primary');\n//selecciona la comida\ncy.wait(time);\nmobil.clickELementMultiplex(\"//div/div/div[3]/div/div[3]/div[2]/div/div/div[2]/button[2]/span/img\");\nmobil.elementVisibleClick('.bottom-bar__controls > :nth-child(2) > .ant-btn');\nmobil.elementVisibleClick('.bottom-bar__controls > :nth-child(2) > .ant-btn');\n//formulario de registro\nmobil.fielText(\"#payment_name\", date.name);\nmobil.fielText(\"#payment_lastName\", date.latsName);\nmobil.fielText(\"#payment_dniNumber\", date.numberIdentification);\nmobil.fielText(\"#payment_address\", date.address);\nmobil.fielText(\"#payment_contactPhone\", date.phone);\nmobil.fielText(\"#payment_emailAddress\", date.email);\n//formulario de registro tc\nmobil.elementVisibleClick(':nth-child(1) > .ant-collapse-header > .jsx-1565749887');\nmobil.fielTextXpatch('//*[@id=\"payment_creditCard.number\"]', date.numberTc);\nmobil.fielTextXpatch('//*[@id=\"payment_creditCard.name\"]', date.nameTc);\nmobil.fielTextXpatch('//*[@id=\"payment_creditCard.securityCode\"]', date.cvv);\nmobil.clickInvokeXpatch('//*[@id=\"payment_creditCard.installments\"]/div/div');\nmobil.selectElemList('.ant-select-dropdown-menu > :not(.ant-select-dropdown-menu-item-disabled)', 2);\nmobil.clickCheckBox();\nmobil.elementVisibleClick('.bottom-bar__controls > :nth-child(2) > .ant-btn');\nmobil.containsExistClick(\"aceptar\");\n//validar el qr   \ncy.wait(70000);\nmobil.elementExist('.container-information__block > .text-center', {\n  setTimeout: 20000\n});\nmobil.screenshot();\nmobil.containsExistClick(\"Finalizar\");\ncy.clearCookies();",
              "err": {},
              "uuid": "d0350f92-e338-4930-ab45-e16b4054f761",
              "parentUUID": "657ee38f-8e00-41d6-9b73-cf3a5172ed14",
              "isHook": false,
              "skipped": false
            }
          ],
          "suites": [],
          "passes": [
            "d0350f92-e338-4930-ab45-e16b4054f761"
          ],
          "failures": [],
          "pending": [],
          "skipped": [],
          "duration": 121605,
          "root": false,
          "rootEmpty": false,
          "_timeout": 2000
        }
      ],
      "passes": [],
      "failures": [],
      "pending": [],
      "skipped": [],
      "duration": 0,
      "root": true,
      "rootEmpty": true,
      "_timeout": 2000
    }
  ],
  "meta": {
    "mocha": {
      "version": "7.0.1"
    },
    "mochawesome": {
      "options": {
        "quiet": false,
        "reportFilename": "mochawesome",
        "saveHtml": true,
        "saveJson": true,
        "consoleReporter": "spec",
        "useInlineDiffs": false,
        "code": true
      },
      "version": "7.1.3"
    },
    "marge": {
      "options": null,
      "version": "6.2.0"
    }
  }
}